Command: vcs -full64 -f ../script/filelist.f -P /opt/Synopsys/verdi/T-2022.06-SP2/share/PLI/VCS/LINUX64/novas.tab \
/opt/Synopsys/verdi/T-2022.06-SP2/share/PLI/VCS/LINUX64/pli.a -o ./simv -l novas.log \

                         Chronologic VCS (TM)
       Version T-2022.06-SP2_Full64 -- Mon Mar 23 01:56:30 2026

                    Copyright (c) 1991 - 2022 Synopsys, Inc.
   This software and the associated documentation are proprietary to Synopsys,
 Inc. This software may only be used in accordance with the terms and conditions
 of a written license agreement with Synopsys, Inc. All other use, reproduction,
   or distribution of this software is strictly prohibited.  Licensed Products
     communicate with Synopsys servers for the purpose of providing software
    updates, detecting software piracy and verifying that customers are using
    Licensed Products in conformity with the applicable License Key for such
  Licensed Products. Synopsys will use information gathered in connection with
    this process to deliver software updates and pursue software pirates and
                                   infringers.

 Inclusivity & Diversity - Visit SolvNetPlus to read the "Synopsys Statement on
            Inclusivity and Diversity" (Refer to article 000036315 at
                        https://solvnetplus.synopsys.com)

Parsing design file '../bench/tb_single_port.v'
Parsing design file '../rtl/single_port.v'
Top Level Modules:
       tb_single_port
No TimeScale specified

Error-[UPIMI-E] Undefined port in module instantiation
../bench/tb_single_port.v, 66
  Port "en" is not defined in module 'single_port' defined in 
  "../rtl/single_port.v", 1
  Module instance: single_port inst_single_port( .clk (clk),  .rstn (rstn),  
  .en (en),  .we (we),  .addr (addr),  .din (din),  .dout (dout));


Error-[UPIMI-E] Undefined port in module instantiation
../bench/tb_single_port.v, 66
  Port "we" is not defined in module 'single_port' defined in 
  "../rtl/single_port.v", 1
  Module instance: single_port inst_single_port( .clk (clk),  .rstn (rstn),  
  .en (en),  .we (we),  .addr (addr),  .din (din),  .dout (dout));


Error-[UPIMI-E] Undefined port in module instantiation
../bench/tb_single_port.v, 66
  Port "addr" is not defined in module 'single_port' defined in 
  "../rtl/single_port.v", 1
  Module instance: single_port inst_single_port( .clk (clk),  .rstn (rstn),  
  .en (en),  .we (we),  .addr (addr),  .din (din),  .dout (dout));


Warning-[TFIPC] Too few instance port connections
../bench/tb_single_port.v, 66
tb_single_port, "single_port inst_single_port( .clk (clk),  .rstn (rstn),  .en (en),  .we (we),  .addr (addr),  .din (din),  .dout (dout));"
  The above instance has fewer port connections than the module definition.
  Please use '+lint=TFIPC-L' to print out detailed information of unconnected 
  ports.

1 warning
3 errors
CPU time: .277 seconds to compile
